<?xml version="1.0" encoding="UTF-8"?>
<!-- Generated by org.testng.reporters.JUnitReportReporter -->
<testsuite hostname="DESKTOP-4FFJMPG" failures="0" tests="1" name="SETARA_Website.TestSuite" time="16.228" errors="0" timestamp="2024-08-21T11:55:54 WIB" skipped="0">
  <testcase classname="SETARA_Website.TestSuite" name="runScenario" time="16.228"/>
  <system-out/>
</testsuite> <!-- SETARA_Website.TestSuite -->
